<?xml version="1.0" encoding="UTF-8"?>
<testng-results skipped="0" failed="0" ignored="0" total="1" passed="1">
  <reporter-output>
  </reporter-output>
  <suite name="Default suite" duration-ms="282" started-at="2023-06-28T06:25:23Z" finished-at="2023-06-28T06:25:23Z">
    <groups>
    </groups>
    <test name="Default test" duration-ms="282" started-at="2023-06-28T06:25:23Z" finished-at="2023-06-28T06:25:23Z">
      <class name="Pojo.ProductTest">
        <test-method status="PASS" signature="prodctTest()[pri:0, instance:Pojo.ProductTest@7ac7a4e4]" name="prodctTest" duration-ms="266" started-at="2023-06-28T11:55:23Z" finished-at="2023-06-28T11:55:23Z">
          <reporter-output>
          </reporter-output>
        </test-method> <!-- prodctTest -->
      </class> <!-- Pojo.ProductTest -->
    </test> <!-- Default test -->
  </suite> <!-- Default suite -->
</testng-results>
