<?xml version="1.0" encoding="UTF-8"?>
<testng-results skipped="0" failed="0" ignored="0" total="1" passed="1">
  <reporter-output>
  </reporter-output>
  <suite name="Default suite" duration-ms="2385" started-at="2023-06-25T06:12:34Z" finished-at="2023-06-25T06:12:37Z">
    <groups>
    </groups>
    <test name="Default test" duration-ms="2385" started-at="2023-06-25T06:12:34Z" finished-at="2023-06-25T06:12:37Z">
      <class name="Basics.GetAllStudentsTest">
        <test-method status="PASS" signature="getAllStudents()[pri:0, instance:Basics.GetAllStudentsTest@4de8b406]" name="getAllStudents" duration-ms="2363" started-at="2023-06-25T11:42:34Z" finished-at="2023-06-25T11:42:37Z">
          <reporter-output>
          </reporter-output>
        </test-method> <!-- getAllStudents -->
      </class> <!-- Basics.GetAllStudentsTest -->
    </test> <!-- Default test -->
  </suite> <!-- Default suite -->
</testng-results>
