<?xml version="1.0" encoding="UTF-8"?>
<testng-results skipped="0" failed="0" ignored="0" total="1" passed="1">
  <reporter-output>
  </reporter-output>
  <suite name="Default suite" duration-ms="2307" started-at="2023-07-03T12:27:40Z" finished-at="2023-07-03T12:27:42Z">
    <groups>
    </groups>
    <test name="Default test" duration-ms="2307" started-at="2023-07-03T12:27:40Z" finished-at="2023-07-03T12:27:42Z">
      <class name="CRUD.Getreq">
        <test-method status="PASS" signature="testGetReq3()[pri:0, instance:CRUD.Getreq@402f32ff]" name="testGetReq3" duration-ms="2278" started-at="2023-07-03T17:57:40Z" finished-at="2023-07-03T17:57:42Z">
          <reporter-output>
          </reporter-output>
        </test-method> <!-- testGetReq3 -->
      </class> <!-- CRUD.Getreq -->
    </test> <!-- Default test -->
  </suite> <!-- Default suite -->
</testng-results>
